0:100  0:100  MemLog inited, TSC freq: 1987800360
0:100  0:000  CPU was calibrated with RTC
0:100  0:000  
0:100  0:000  Now is 03.06.2022,  12:53:45 (GMT)
0:100  0:000  Starting Clover revision: 5120 (master, commit 33816ae90) on TIMI EFI
0:100  0:000  Build with: [Args: -D NO_GRUB_DRIVERS_EMBEDDED -t GCC53 | -D NO_GRUB_DRIVERS_EMBEDDED --conf=/Users/sergey/src/Clover/Conf -D USE_LOW_EBDA -a X64 -b RELEASE -t GCC53 -n 5 | OS: 10.14.6]
0:100  0:000  SelfDevicePath=PciRoot(0x0)\Pci(0x1D,0x0)\Pci(0x0,0x0)\NVMe(0x1,00-00-00-00-00-00-00-00)\HD(1,GPT,DA20FBC8-A342-4832-9838-A7CF050E2C89,0x28,0x64000) @7A0E7B58
0:100  0:000  SelfDirPath = \EFI\BOOT
0:100  0:000  Clover : Image base = 0x6F24A000
0:100  0:000  SimpleTextEx Status=Success
0:100  0:000  === [ Get Smbios ] ==============================
0:113  0:013  Type 16 Index = 0
0:113  0:000  Total Memory Slots Count = 2
0:113  0:000  Type 17 Index = 0
0:113  0:000  SmbiosTable.Type17->Speed = 2400MHz
0:113  0:000  SmbiosTable.Type17->Size = 8192MB
0:113  0:000  SmbiosTable.Type17->Bank/Device = BANK 0 ChannelA-DIMM0
0:113  0:000  SmbiosTable.Type17->Vendor = Samsung
0:113  0:000  SmbiosTable.Type17->SerialNumber = 00000000
0:113  0:000  SmbiosTable.Type17->PartNumber = M471A1K43BB1-CRC    
0:113  0:000  Type 17 Index = 1
0:113  0:000  SmbiosTable.Type17->Speed = 2400MHz
0:113  0:000  SmbiosTable.Type17->Size = 8192MB
0:113  0:000  SmbiosTable.Type17->Bank/Device = BANK 2 ChannelB-DIMM0
0:113  0:000  SmbiosTable.Type17->Vendor = Samsung
0:113  0:000  SmbiosTable.Type17->SerialNumber = 00000000
0:113  0:000  SmbiosTable.Type17->PartNumber = M471A1K43BB1-CRC    
0:113  0:000  Boot status=0
0:113  0:000  Running on: 'TM1707' with board 'TM1707'
0:113  0:000  === [ GetCPUProperties ] ========================
0:113  0:000  CPU Vendor = 756E6547 Model=806EA
0:113  0:000   The CPU supported SSE4.1
0:113  0:000  BrandString = Intel(R) Core(TM) i7-8550U CPU @ 1.80GHz
0:113  0:000   The CPU supported turbo
0:113  0:000  MSR 0x35               40008
0:113  0:000   TSC/CCC Information Leaf:
0:113  0:000    numerator     : 166
0:113  0:000    denominator   : 2
0:113  0:000   Calibrated ARTFrequency: 23949401
0:113  0:000   Rounded ARTFrequency: 23900000
0:113  0:000  MSR 0xE2 before patch 1E008007
0:113  0:000  MSR 0xE2 is locked, PM patches will be turned on
0:113  0:000  MSR 0xCE              0004043D_F1011400
0:113  0:000  corrected FLEX_RATIO = 100000
0:113  0:000  MSR 0x1B0             00000000
0:113  0:000  FSBFrequency = 85 MHz, DMI FSBFrequency = 100 MHz, Corrected FSBFrequency = 100 MHz
0:113  0:000  MaxDiv/MinDiv: 20.0/4
0:113  0:000  Turbo: 37/37/40/40
0:113  0:000  Features: 0x77FAFBBFBFEBFBFF
0:113  0:000  Threads: 8
0:113  0:000  Cores: 4
0:113  0:000  FSB: 100 MHz
0:113  0:000  CPU: 1700 MHz
0:113  0:000  TSC: 1700 MHz
0:113  0:000  PIS: 100 MHz
0:113  0:000  ExternalClock: 25 MHz
0:113  0:000  === [ GetDevices ] ==============================
0:113  0:000  GOP found at: 
0:113  0:000  PCI (00|00:00.00) : 8086 5914 class=060000
0:113  0:000  PCI (00|00:02.00) : 8086 5917 class=030000
0:113  0:000   - GFX: Model=Intel UHD Graphics 620 (Intel)
0:113  0:000  PCI (00|00:08.00) : 8086 1911 class=088000
0:113  0:000  PCI (00|00:14.00) : 8086 9D2F class=0C0330
0:113  0:000  PCI (00|00:14.02) : 8086 9D31 class=118000
0:113  0:000  PCI (00|00:15.00) : 8086 9D60 class=118000
0:113  0:000  PCI (00|00:15.01) : 8086 9D61 class=118000
0:113  0:000  PCI (00|00:16.00) : 8086 9D3A class=078000
0:113  0:000  PCI (00|00:1C.00) : 8086 9D10 class=060400
0:113  0:000  PCI (00|01:00.00) : 10DE 1C8D class=030200
0:113  0:000  PCI (00|00:1C.04) : 8086 9D14 class=060400
0:113  0:000  PCI (00|02:00.00) : 15B7 5003 class=010802
0:113  0:000  PCI (00|00:1C.06) : 8086 9D16 class=060400
0:113  0:000  PCI (00|03:00.00) : 10EC 525A class=FF0000
0:113  0:000  PCI (00|00:1C.07) : 8086 9D17 class=060400
0:114  0:000  PCI (00|04:00.00) : 8086 24FD class=028000
0:114  0:000   - WIFI: Vendor= Intel
0:114  0:000  PCI (00|00:1D.00) : 8086 9D18 class=060400
0:114  0:000  PCI (00|05:00.00) : 1C5C 1527 class=010802
0:114  0:000  PCI (00|00:1F.00) : 8086 9D4E class=060100
0:114  0:000  PCI (00|00:1F.02) : 8086 9D21 class=058000
0:114  0:000  PCI (00|00:1F.03) : 8086 9D71 class=040300
0:114  0:000  PCI (00|00:1F.04) : 8086 9D23 class=0C0500
0:114  0:000  === [ GetDefaultSettings ] ======================
0:114  0:000  Clover load options size = 0 bytes
0:114  0:000  CheckOEMPathExists tried EFI\CLOVER\OEM\TM1707\UEFI. Dir not exists
0:114  0:000  CheckOEMPathExists tried EFI\CLOVER\OEM\TM1707. Dir not exists
0:115  0:000  CheckOEMPathExists tried EFI\CLOVER\OEM\TM1707-1700. Dir not exists
0:115  0:000  CheckOEMPathExists tried EFI\CLOVER\OEM\TM1707. Dir not exists
0:115  0:000  CheckOEMPathExists tried EFI\CLOVER\OEM\TM1707-1700. Dir not exists
0:115  0:000  set OEMPath by default: EFI\CLOVER
0:118  0:002  EFI\CLOVER\config.plist loaded: Success
0:132  0:014  === [ GetListOfThemes ] =========================
0:132  0:000  - [00]: SimpleThemeDark
0:133  0:000  - [01]: Xiaomi
0:133  0:000  - [02]: random
0:133  0:000  - [02]: embedded
0:134  0:000  === [ Found config plists ] =====================
0:134  0:000  - config.plist
0:134  0:000  === [ GetEarlyUserSettings ] ====================
0:134  0:000  timeout set to 4
0:134  0:000  Custom boot CUSTOM_BOOT_DISABLED (0x0)
0:134  0:000   get BlueValue=1.200000
0:134  0:000  KextsToPatch: 1 requested
0:134  0:000   - [00]: com.apple.iokit.IOAHCIBlockStorage (Enable TRIM for SSD) :: BinPatch :: data len: 11
0:134  0:000  KernelToPatch: 1 requested
0:134  0:000   - [00]: Disable setPowerState panic with setpowerstate_panic=0 boot-args on 10.15 (credit vit9696) :: MatchOS: 10.15 :: data len: 10
0:134  0:000  Default theme: Xiaomi
0:134  0:000  Hiding entries with string Preboot
0:134  0:000  Hiding entries with string Recovery
0:134  0:000  === [ LoadDrivers ] =============================
0:135  0:000  Loading FSInject.efi  status=Success
0:138  0:002  Loading OpenRuntime.efi  status=Success
0:140  0:002  Loading HfsPlus.efi  status=Success
0:144  0:003   - driver needs connecting
0:144  0:000  Loading OcQuirks.efi  status=Success
0:147  0:003  Loading AppleUiSupport.efi  status=Success
0:252  0:104  Loading VirtualSmc.efi  status=Success
0:356  0:104  Loading AppleGenericInput.efi  status=Success
0:468  0:111  Loading ApfsDriverLoader.efi  status=Success
0:471  0:002   - driver needs connecting
0:471  0:000  2 drivers needs connecting ...
0:471  0:000  PlatformDriverOverrideProtocol->GetDriver overriden
0:471  0:000  APFS driver loaded
0:471  0:000  Searching for invalid DiskIo BY_DRIVER connects: not found, all ok
1:014  0:542  === [ InitScreen ] ==============================
1:014  0:000  Console modes reported: 7, available modes:
1:014  0:000   - [01]: 80x25
1:014  0:000   - [02]: 80x50
1:014  0:000   - [03]: 80x25
1:014  0:000   - [04]: 240x56 (current mode)
1:014  0:000   - [05]: 100x31
1:014  0:000   - [06]: 128x40
1:014  0:000   - [07]: 160x53
1:014  0:000  SetScreenResolution: 1920x1080 - already set
1:014  0:000  SetScreenResolution: 1920x1080 - already set
1:014  0:000  reinit: self device path=PciRoot(0x0)\Pci(0x1D,0x0)\Pci(0x0,0x0)\NVMe(0x1,00-00-00-00-00-00-00-00)\HD(1,GPT,DA20FBC8-A342-4832-9838-A7CF050E2C89,0x28,0x64000)
1:014  0:000  new SelfHandle=7A0E7B58
1:014  0:000  === [ GetMacAddress ] ===========================
1:014  0:000   get legacy LAN MAC, 0 card found
1:014  0:000  === [ ScanSPD ] =================================
1:015  0:000  Scanning SMBus [8086:9D23], mmio: 0xB442D004, ioport: 0x4040, hostc: 0x11
1:016  0:001  === [ GetAcpiTablesList ] =======================
1:019  0:002  Get Acpi Tables List from RSDT:
1:019  0:000   - [00]: FACP  XMCC1707 len=268
1:019  0:000   - [01]: UEFI  XMCC1707 len=566
1:019  0:000   - [02]: UEFI  XMCC1707 len=66
1:019  0:000   - [03]: MSDM  XMCC1707 len=85
1:019  0:000   - [04]: SSDT  XMCC1707 len=1219
1:019  0:000   - [05]: SSDT  XMCC1707 len=70
1:019  0:000   - [06]: TPM2  XMCC1707 len=52
1:019  0:000   - [07]: SSDT  XMCC1707 len=12587
1:019  0:000   - [08]: ASF!  XMCC1707 len=165
1:019  0:000   - [09]: ASPT  XMCC1707 len=52
1:019  0:000   - [10]: BOOT  XMCC1707 len=40
1:019  0:000   - [11]: DBGP  XMCC1707 len=52
1:019  0:000   - [12]: HPET  XMCC1707 len=56
1:019  0:000   - [13]: APIC  XMCC1707 len=300
1:019  0:000   - [14]: MCFG  XMCC1707 len=60
1:019  0:000   - [15]: SSDT  XMCC1707 len=1303
1:019  0:000   - [16]: SSDT  XMCC1707 len=1952
1:019  0:000   - [17]: LPIT  XMCC1707 len=148
1:019  0:000   - [18]: WSMT  XMCC1707 len=40
1:019  0:000   - [19]: SSDT  XMCC1707 len=671
1:019  0:000   - [20]: SSDT  XMCC1707 len=838
1:019  0:000   - [21]: SSDT  XMCC1707 len=12290
1:019  0:000   - [22]: SSDT  XMCC1707 len=745
1:019  0:000   - [23]: SSDT  XMCC1707 len=1310
1:019  0:000   - [24]: DBGP  XMCC1707 len=52
1:019  0:000   - [25]: DBG2  XMCC1707 len=84
1:019  0:000   - [26]: SSDT  XMCC1707 len=2916
1:019  0:000   - [27]: SSDT  XMCC1707 len=6062
1:019  0:000   - [28]: SSDT  XMCC1707 len=14502
1:019  0:000   - [29]: DMAR  XMCC1707 len=240
1:019  0:000   - [30]: FPDT  XMCC1707 len=68
1:019  0:000   - [31]: BGRT  XMCC1707 len=56
1:019  0:000  Calibrated TSC Frequency = 1987800360 = 1987MHz
1:019  0:000  === [ GetUserSettings ] =========================
1:019  0:000  Add 19 devices (kTagTypeDict):
1:020  0:000  USB FixOwnership: yes
1:020  0:000   - final DSDT Fix mask=00000000
1:020  0:000  PatchesDSDT: 3 requested
1:020  0:000   - [00]: (Rename Method(GPRW,2,N) to XPRW, pair with SSDT-GPRW.aml (Instant Wake)) lenToFind: 5, lenToReplace: 5, Target Bridge: 
1:020  0:000   - [01]: (Rename Method(LGPA,1,S) to XGPA, pair with SSDT-LGPA.aml (Brightness Key)) lenToFind: 5, lenToReplace: 5, Target Bridge: 
1:020  0:000   - [02]: (Rename Method(UPC,0,S) to XUPC, pair with SSDT-USB.aml (USB Port Customization)) lenToFind: 5, lenToReplace: 5, Target Bridge: 
1:020  0:000  Using ProductName from config: MacBookPro14,1
1:020  0:000  BiosVersion: not set, Using BiosVersion from clover
1:020  0:000  BiosVersion: MBP141.88Z.F000.B00.2004240928
1:020  0:000  BiosReleaseDate: 04/24/2020
1:020  0:000  Using EfiVersion from clover: 207.0.0.0.0
1:020  0:000  Using FirmwareFeatures from clover: 0xFC0FE176
1:020  0:000  Using FirmwareFeaturesMask from clover: 0xFF1FFF7F
1:020  0:000  Using PlatformFeature from clover: 0x1A
1:020  0:000  === [ Found DSDT tables ] =======================
2:202  1:182  === [ ScanVolumes ] =============================
2:202  0:000  Found 14 volumes with blockIO
2:202  0:000  - [00]: Volume: PciRoot(0x0)\Pci(0x1C,0x4)\Pci(0x0,0x0)\NVMe(0x1,14-F8-A5-44-8B-44-1B-00)
2:203  0:000          Result of bootcode detection: bootable unknown (legacy)
2:203  0:000  - [01]: Volume: PciRoot(0x0)\Pci(0x1C,0x4)\Pci(0x0,0x0)\NVMe(0x1,14-F8-A5-44-8B-44-1B-00)\HD(1,GPT,F50BAF76-9E2D-4652-8975-B574448EB44A,0x800,0x3A385800)
2:203  0:000          Result of bootcode detection: bootable Windows (win)
2:203  0:000  - [02]: Volume: PciRoot(0x0)\Pci(0x1D,0x0)\Pci(0x0,0x0)\NVMe(0x1,00-00-00-00-00-00-00-00)
2:203  0:000          Result of bootcode detection: bootable unknown (legacy)
2:203  0:000  - [03]: Volume: PciRoot(0x0)\Pci(0x1D,0x0)\Pci(0x0,0x0)\NVMe(0x1,00-00-00-00-00-00-00-00)\HD(1,GPT,DA20FBC8-A342-4832-9838-A7CF050E2C89,0x28,0x64000)
2:203  0:000          Result of bootcode detection: bootable unknown (legacy)
2:204  0:000          This is SelfVolume !!
2:204  0:000  - [04]: Volume: PciRoot(0x0)\Pci(0x1D,0x0)\Pci(0x0,0x0)\NVMe(0x1,00-00-00-00-00-00-00-00)\HD(2,GPT,7B4CC6C4-BB1C-4AF3-B6FD-9DCA19DEF838,0x64028,0xA09DAF8)
2:204  0:000          Result of bootcode detection: bootable unknown (legacy)
2:204  0:000  - [05]: Volume: PciRoot(0x0)\Pci(0x1D,0x0)\Pci(0x0,0x0)\NVMe(0x1,00-00-00-00-00-00-00-00)\HD(3,GPT,50E96383-4E4C-47D0-B707-E1DDFB6F2657,0xA102000,0x13AEA6A2)
2:204  0:000          Result of bootcode detection: bootable Windows (vista,win)
2:204  0:000  - [06]: Volume: PciRoot(0x0)\Pci(0x1D,0x0)\Pci(0x0,0x0)\NVMe(0x1,00-00-00-00-00-00-00-00)\HD(4,GPT,73BF0317-C807-4C0B-A9F4-86D3CF26D903,0x1DBEC800,0x106000)
2:205  0:000          Result of bootcode detection: bootable Windows (vista,win)
2:205  0:000  - [07]: Volume: PciRoot(0x0)\Pci(0x14,0x0)\USB(0x8,0x0)
2:205  0:000          Result of bootcode detection: bootable unknown (legacy)
2:205  0:000  - [08]: Volume: PciRoot(0x0)\Pci(0x14,0x0)\USB(0x8,0x0)\HD(1,MBR,0x5FD612EE,0x800,0xEF7800)
2:206  0:000          Result of bootcode detection: bootable Windows (vista,win)
2:206  0:000  - [09]: Volume: PciRoot(0x0)\Pci(0x1D,0x0)\Pci(0x0,0x0)\NVMe(0x1,00-00-00-00-00-00-00-00)\HD(2,GPT,7B4CC6C4-BB1C-4AF3-B6FD-9DCA19DEF838,0x64028,0xA09DAF8)\VenMedia(BE74FCF7-0B7C-49F3-9147-01F4042E6842,BBCA6FA3E6350942AA980BF5630DD1CD)
2:206  0:000          hiding this volume
2:206  0:000  - [10]: Volume: PciRoot(0x0)\Pci(0x1D,0x0)\Pci(0x0,0x0)\NVMe(0x1,00-00-00-00-00-00-00-00)\HD(2,GPT,7B4CC6C4-BB1C-4AF3-B6FD-9DCA19DEF838,0x64028,0xA09DAF8)\VenMedia(BE74FCF7-0B7C-49F3-9147-01F4042E6842,90D06D6F6736214D9A2A789E1AEF0A94)
2:206  0:000  - [11]: Volume: PciRoot(0x0)\Pci(0x1D,0x0)\Pci(0x0,0x0)\NVMe(0x1,00-00-00-00-00-00-00-00)\HD(2,GPT,7B4CC6C4-BB1C-4AF3-B6FD-9DCA19DEF838,0x64028,0xA09DAF8)\VenMedia(BE74FCF7-0B7C-49F3-9147-01F4042E6842,A5388151C323BA4D970B322D9E4760DB)
2:206  0:000          hiding this volume
2:206  0:000  - [12]: Volume: PciRoot(0x0)\Pci(0x1D,0x0)\Pci(0x0,0x0)\NVMe(0x1,00-00-00-00-00-00-00-00)\HD(2,GPT,7B4CC6C4-BB1C-4AF3-B6FD-9DCA19DEF838,0x64028,0xA09DAF8)\VenMedia(BE74FCF7-0B7C-49F3-9147-01F4042E6842,2E78C02B8BCAE64298CA76B697DAE270)
2:206  0:000  - [13]: Volume: PciRoot(0x0)\Pci(0x1D,0x0)\Pci(0x0,0x0)\NVMe(0x1,00-00-00-00-00-00-00-00)\HD(2,GPT,7B4CC6C4-BB1C-4AF3-B6FD-9DCA19DEF838,0x64028,0xA09DAF8)\VenMedia(BE74FCF7-0B7C-49F3-9147-01F4042E6842,8158916A134FFD4EA26DF5267A8D7805)
2:207  0:000  No AudioIoProtocols, status=Not Found
2:207  0:000  === [ InitXTheme ] ==============================
2:207  0:000  use Daylight theme
2:218  0:010  Using theme 'Xiaomi' (EFI\CLOVER\themes\Xiaomi)
2:218  0:000  chosen theme Xiaomi
2:218  0:000  OS main and drive as badge
2:274  0:056  sound play end with status=Device Error
2:277  0:003  theme inited
2:277  0:000  Chosen theme Xiaomi
2:278  0:000  after NVRAM boot-args=darkwake=0 dart=0 gfxrst=1
2:278  0:000  === [ Dump SMC keys from NVRAM ] ================
2:278  0:000  found AppleSMC protocol
2:322  0:044  === [ AddCustomEntries ] ========================
2:322  0:000      Checking volume "EFI" (PciRoot(0x0)\Pci(0x1D,0x0)\Pci(0x0,0x0)\NVMe(0x1,00-00-00-00-00-00-00-00)\HD(1,GPT,DA20FBC8-A342-4832-9838-A7CF050E2C89,0x28,0x64000)) ... match!
2:322  0:000  IconName=vista,win comma=5 size=9
2:322  0:000    first=os_vista
2:323  0:000   Show badge as Drive.    Loader entry created for 'PciRoot(0x0)\Pci(0x1D,0x0)\Pci(0x0,0x0)\NVMe(0x1,00-00-00-00-00-00-00-00)\HD(1,GPT,DA20FBC8-A342-4832-9838-A7CF050E2C89,0x28,0x64000)\EFI\Microsoft\Boot\__bootmgfw.efi'
2:323  0:000  Custom settings: .plist will  be applied
2:323  0:000      Checking volume "ESD-USB" (PciRoot(0x0)\Pci(0x14,0x0)\USB(0x8,0x0)\HD(1,MBR,0x5FD612EE,0x800,0xEF7800)) ... skipped because media is ignored
2:323  0:000      Checking volume "Preboot" (PciRoot(0x0)\Pci(0x1D,0x0)\Pci(0x0,0x0)\NVMe(0x1,00-00-00-00-00-00-00-00)\HD(2,GPT,7B4CC6C4-BB1C-4AF3-B6FD-9DCA19DEF838,0x64028,0xA09DAF8)\VenMedia(BE74FCF7-0B7C-49F3-9147-01F4042E6842,BBCA6FA3E6350942AA980BF5630DD1CD)) ... skipped because volume is hidden
2:323  0:000      Checking volume "Hac - Data" (PciRoot(0x0)\Pci(0x1D,0x0)\Pci(0x0,0x0)\NVMe(0x1,00-00-00-00-00-00-00-00)\HD(2,GPT,7B4CC6C4-BB1C-4AF3-B6FD-9DCA19DEF838,0x64028,0xA09DAF8)\VenMedia(BE74FCF7-0B7C-49F3-9147-01F4042E6842,90D06D6F6736214D9A2A789E1AEF0A94)) ... skipped because volume does not match
2:323  0:000      Checking volume "Recovery" (PciRoot(0x0)\Pci(0x1D,0x0)\Pci(0x0,0x0)\NVMe(0x1,00-00-00-00-00-00-00-00)\HD(2,GPT,7B4CC6C4-BB1C-4AF3-B6FD-9DCA19DEF838,0x64028,0xA09DAF8)\VenMedia(BE74FCF7-0B7C-49F3-9147-01F4042E6842,A5388151C323BA4D970B322D9E4760DB)) ... skipped because volume is hidden
2:323  0:000      Checking volume "VM" (PciRoot(0x0)\Pci(0x1D,0x0)\Pci(0x0,0x0)\NVMe(0x1,00-00-00-00-00-00-00-00)\HD(2,GPT,7B4CC6C4-BB1C-4AF3-B6FD-9DCA19DEF838,0x64028,0xA09DAF8)\VenMedia(BE74FCF7-0B7C-49F3-9147-01F4042E6842,2E78C02B8BCAE64298CA76B697DAE270)) ... skipped because volume does not match
2:323  0:000      Checking volume "Hac" (PciRoot(0x0)\Pci(0x1D,0x0)\Pci(0x0,0x0)\NVMe(0x1,00-00-00-00-00-00-00-00)\HD(2,GPT,7B4CC6C4-BB1C-4AF3-B6FD-9DCA19DEF838,0x64028,0xA09DAF8)\VenMedia(BE74FCF7-0B7C-49F3-9147-01F4042E6842,8158916A134FFD4EA26DF5267A8D7805)) ... skipped because volume does not match
2:323  0:000  === [ ScanLoader ] ==============================
2:323  0:000  - [03]: 'EFI'
2:329  0:005          AddLoaderEntry for Volume Name=EFI
2:329  0:000          skipped because entry is hidden
2:329  0:000  - [08]: 'ESD-USB'
2:332  0:003          AddLoaderEntry for Volume Name=ESD-USB
2:332  0:000  IconName=vista,win comma=5 size=9
2:332  0:000    first=os_vista
2:332  0:000   Show badge as Drive.    Loader entry created for 'PciRoot(0x0)\Pci(0x14,0x0)\USB(0x8,0x0)\HD(1,MBR,0x5FD612EE,0x800,0xEF7800)\EFI\MICROSOFT\BOOT\cdboot.efi'
2:332  0:000          AddLoaderEntry for Volume Name=ESD-USB
2:332  0:000          skipped because entry is hidden
2:332  0:000  - [09]: 'Preboot', hidden
2:332  0:000  - [10]: 'Hac - Data'
2:334  0:001  - [11]: 'Recovery', hidden
2:334  0:000  - [12]: 'VM'
2:334  0:000  - [13]: 'Hac'
2:340  0:005          AddLoaderEntry for Volume Name=Hac
2:344  0:004      Check if volume Is Hibernated:
2:344  0:000      Check sleep image 'by signature':
2:345  0:000      using default sleep image name = \private\var\vm\sleepimage
2:346  0:000      sleepimage not found -> Not Found
2:346  0:000      hibernated: no - sign
2:346  0:000  IconName=cata,mac comma=4 size=8
2:346  0:000    first=os_cata
2:346  0:000   Show badge as Drive.    Loader entry created for 'PciRoot(0x0)\Pci(0x1D,0x0)\Pci(0x0,0x0)\NVMe(0x1,00-00-00-00-00-00-00-00)\HD(2,GPT,7B4CC6C4-BB1C-4AF3-B6FD-9DCA19DEF838,0x64028,0xA09DAF8)\VenMedia(BE74FCF7-0B7C-49F3-9147-01F4042E6842,8158916A134FFD4EA26DF5267A8D7805)\System\Library\CoreServices\boot.efi'
2:347  0:000  === [ AddCustomTool ] ===========================
2:347  0:000  === [ GetEfiBootDeviceFromNvram ] ===============
2:347  0:000   - efi-boot-device-data: PciRoot(0x0)\Pci(0x1D,0x0)\Pci(0x0,0x0)\NVMe(0x1,00-00-00-00-00-00-00-00)\HD(1,GPT,DA20FBC8-A342-4832-9838-A7CF050E2C89,0x28,0x64000)\EFI\Microsoft\Boot\__bootmgfw.efi
2:347  0:000    - Volume: 'PciRoot(0x0)\Pci(0x1D,0x0)\Pci(0x0,0x0)\NVMe(0x1,00-00-00-00-00-00-00-00)\HD(1,GPT,DA20FBC8-A342-4832-9838-A7CF050E2C89,0x28,0x64000)'
2:347  0:000    - LoaderPath: '\EFI\Microsoft\Boot\__bootmgfw.efi'
2:347  0:000    - Guid = DA20FBC8-A342-4832-9838-A7CF050E2C89
2:347  0:000  === [ FindStartupDiskVolume ] ===================
2:348  0:000    - Volume: partition = PciRoot(0x0)\Pci(0x1D,0x0)\Pci(0x0,0x0)\NVMe(0x1,00-00-00-00-00-00-00-00)\HD(1,GPT,DA20FBC8-A342-4832-9838-A7CF050E2C89,0x28,0x64000)
2:348  0:000     - searching for that partition and loader '\EFI\Microsoft\Boot\__bootmgfw.efi'
2:348  0:000    checking 'PciRoot(0x0)/Pci(0x1D,0x0)/Pci(0x0,0x0)/NVMe(0x1,00-00-00-00-00-00-00-00)/HD(1,GPT,DA20FBC8-A342-4832-9838-A7CF050E2C89,0x28,0x64000)'
2:348  0:000     '\EFI\Microsoft\Boot\__bootmgfw.efi'
2:348  0:000      - found entry 0. 'Boot Windows from EFI', Volume 'EFI', '\EFI\Microsoft\Boot\__bootmgfw.efi'
2:348  0:000  Boot redirected to Entry 0. 'Boot Windows from EFI'
2:348  0:000  BannerPlace at Clear Screen [874,189]
2:496  0:148  AnimeRun=0
3:584  1:088  GUI ready
